0 info it worked if it ends with ok
1 verbose cli [ 'C:\\Program Files\\nodejs\\node.exe',
1 verbose cli   'C:\\Users\\phoebe\\AppData\\Roaming\\npm\\node_modules\\npm\\bin\\npm-cli.js',
1 verbose cli   'start' ]
2 info using npm@3.10.10
3 info using node@v8.12.0
4 verbose run-script [ 'prestart', 'start', 'poststart' ]
5 info lifecycle artlist@0.0.0~prestart: artlist@0.0.0
6 silly lifecycle artlist@0.0.0~prestart: no script for prestart, continuing
7 info lifecycle artlist@0.0.0~start: artlist@0.0.0
8 verbose lifecycle artlist@0.0.0~start: unsafe-perm in lifecycle true
9 verbose lifecycle artlist@0.0.0~start: PATH: C:\Users\phoebe\AppData\Roaming\npm\node_modules\npm\bin\node-gyp-bin;C:\Users\phoebe\Documents\Probation Project\Frontend\artlist\node_modules\.bin;C:\Program Files (x86)\IBM\RationalSDLC\common;C:\ProgramData\Oracle\Java\javapath;C:\windows\system32;C:\windows;C:\windows\System32\Wbem;C:\windows\System32\WindowsPowerShell\v1.0\;C:\windows\System32\WindowsPowerShell\v1.0\;C:\Program Files (x86)\IBM\gsk8\lib;C:\Program Files (x86)\IBM\gsk8\bin;C:\Program Files\TortoiseSVN\bin;C:\Program Files\apache-maven-3.3.9-bin\apache-maven-3.3.9\bin;C:\Program Files\apache-maven-3.3.9-bin\apache-maven-3.3.9\bin;C:\Program Files\TortoiseGit\bin;C:\Program Files\PuTTY\;C:\Bin\curl-7.53.1-win64-mingw\bin;C:\Program Files (x86)\Brackets\command;C:\windows\System32\WindowsPowerShell\v1.0\;C:\Program Files\MiKTeX 2.9\miktex\bin\x64\;C:\Bin\go\bin;C:\Program Files\Microsoft VS Code\bin;C:\Program Files\Git\cmd;C:\Program Files\nodejs\;C:\Program Files\MySQL\MySQL Server 8.0\bin\mysql.exe;C:\windows\System32\WindowsPowerShell\v1.0\;C:\Users\phoebe\AppData\Roaming\npm;C:\Program Files\MySQL\MySQL Server 8.0\bin\mysql.exe
10 verbose lifecycle artlist@0.0.0~start: CWD: C:\Users\phoebe\Documents\Probation Project\Frontend\artlist
11 silly lifecycle artlist@0.0.0~start: Args: [ '/d /s /c', 'ng serve --proxy-config proxy.conf.json' ]
12 verbose stack Error: kill ENOSYS
12 verbose stack     at process.kill (internal/process.js:172:20)
12 verbose stack     at process.listener (C:\Users\phoebe\AppData\Roaming\npm\node_modules\npm\node_modules\npmlog\node_modules\gauge\node_modules\signal-exit\index.js:86:15)
12 verbose stack     at emitOne (events.js:121:20)
12 verbose stack     at process.emit (events.js:211:7)
12 verbose stack     at processEmit (C:\Users\phoebe\AppData\Roaming\npm\node_modules\npm\node_modules\npmlog\node_modules\gauge\node_modules\signal-exit\index.js:146:32)
12 verbose stack     at processEmit (C:\Users\phoebe\AppData\Roaming\npm\node_modules\npm\node_modules\npm-registry-client\node_modules\npmlog\node_modules\gauge\node_modules\signal-exit\index.js:146:32)
12 verbose stack     at Signal.wrap.onsignal (internal/process.js:197:44)
13 verbose cwd C:\Users\phoebe\Documents\Probation Project\Frontend\artlist
14 error Windows_NT 6.1.7601
15 error argv "C:\\Program Files\\nodejs\\node.exe" "C:\\Users\\phoebe\\AppData\\Roaming\\npm\\node_modules\\npm\\bin\\npm-cli.js" "start"
16 error node v8.12.0
17 error npm  v3.10.10
18 error code ENOSYS
19 error errno ENOSYS
20 error syscall kill
21 error kill ENOSYS
22 error If you need help, you may report this error at:
22 error     <https://github.com/npm/npm/issues>
23 verbose exit [ 1, true ]
